  Clr.cpp
D:\\chaitanya\\HDR scaling image\\HDR with sql\\HDR_MAIN_CODE\\HDR\\HDR\\HDR.cpp(105): warning C4244: '=': conversion from 'double' to 'int', possible loss of data
d:\chaitanya\secondary\bhabhatron- single\opencv 340\opencv 3.4.0-with out cuda\install\include\opencv2\core\cvstd.hpp(575): warning C4793: 'cv::String::String': function compiled as native:
  	Found an intrinsic not supported in managed code
d:\chaitanya\secondary\bhabhatron- single\opencv 340\opencv 3.4.0-with out cuda\install\include\opencv2\core\cuda.inl.hpp(105): warning C4793: 'cv::cuda::GpuMat::GpuMat': function compiled as native:
  	Found an intrinsic not supported in managed code
d:\chaitanya\secondary\bhabhatron- single\opencv 340\opencv 3.4.0-with out cuda\install\include\opencv2\core\cuda.inl.hpp(395): warning C4793: 'cv::cuda::HostMem::HostMem': function compiled as native:
  	Found an intrinsic not supported in managed code
d:\chaitanya\secondary\bhabhatron- single\opencv 340\opencv 3.4.0-with out cuda\install\include\opencv2\core\mat.inl.hpp(482): warning C4793: 'cv::Mat::Mat': function compiled as native:
  	Found an intrinsic not supported in managed code
d:\chaitanya\secondary\bhabhatron- single\opencv 340\opencv 3.4.0-with out cuda\install\include\opencv2\core\mat.inl.hpp(803): warning C4793: 'cv::Mat::release': function compiled as native:
  	Found an intrinsic not supported in managed code
d:\chaitanya\secondary\bhabhatron- single\opencv 340\opencv 3.4.0-with out cuda\install\include\opencv2\core\mat.inl.hpp(2118): warning C4793: 'cv::SparseMat::addref': function compiled as native:
  	Found an intrinsic not supported in managed code
d:\chaitanya\secondary\bhabhatron- single\opencv 340\opencv 3.4.0-with out cuda\install\include\opencv2\core\mat.inl.hpp(3718): warning C4793: 'cv::UMat::addref': function compiled as native:
  	Found an intrinsic not supported in managed code
d:\chaitanya\secondary\bhabhatron- single\opencv 340\opencv 3.4.0-with out cuda\install\include\opencv2\core\ptr.inl.hpp(67): warning C4793: 'cv::detail::PtrOwner::incRef': function compiled as native:
  	Found an intrinsic not supported in managed code
d:\chaitanya\secondary\bhabhatron- single\opencv 340\opencv 3.4.0-with out cuda\install\include\opencv2\core\ptr.inl.hpp(72): warning C4793: 'cv::detail::PtrOwner::decRef': function compiled as native:
  	Found an intrinsic not supported in managed code
d:\chaitanya\secondary\bhabhatron- single\opencv 340\opencv 3.4.0-with out cuda\install\include\opencv2\core\cvstd.hpp(657): warning C4793: 'cv::String::operator=': function compiled as native:
  	Found an intrinsic not supported in managed code
  .NETFramework,Version=v4.6.1.AssemblyAttributes.cpp
  clr_hdr.vcxproj -> D:\chaitanya\HDR scaling image\HDR with sql\HDR_CLR_CODE\clr_hdr\x64\Release\clr_hdr.dll
